<?xml version="1.0" encoding="UTF-8"?>
<!-- Generated by org.testng.reporters.JUnitReportReporter -->
<testsuite hostname="DESKTOP-07C9GJN" failures="0" tests="1" name="e2e.selenium.jenkins.FacebookInitials" time="13.836" errors="0" timestamp="30 Jul 2018 17:57:57 GMT" skipped="0">
  <testcase classname="e2e.selenium.jenkins.FacebookInitials" name="loginPage" time="13.836"/>
</testsuite> <!-- e2e.selenium.jenkins.FacebookInitials -->
